C:\Projects\AspnetCore\aspnetcore-mvc-efcore-bootstrap-angular-web\14\demos\Demos\5.0\after\DutchTreat\client\dist\out-tsc\app\app.component.js
C:\Projects\AspnetCore\aspnetcore-mvc-efcore-bootstrap-angular-web\14\demos\Demos\5.0\after\DutchTreat\client\dist\out-tsc\app\app.component.js.map
C:\Projects\AspnetCore\aspnetcore-mvc-efcore-bootstrap-angular-web\14\demos\Demos\5.0\after\DutchTreat\client\dist\out-tsc\app\shared\LoginResults.js
C:\Projects\AspnetCore\aspnetcore-mvc-efcore-bootstrap-angular-web\14\demos\Demos\5.0\after\DutchTreat\client\dist\out-tsc\app\shared\LoginResults.js.map
C:\Projects\AspnetCore\aspnetcore-mvc-efcore-bootstrap-angular-web\14\demos\Demos\5.0\after\DutchTreat\client\dist\out-tsc\app\shared\Order.js
C:\Projects\AspnetCore\aspnetcore-mvc-efcore-bootstrap-angular-web\14\demos\Demos\5.0\after\DutchTreat\client\dist\out-tsc\app\shared\Order.js.map
C:\Projects\AspnetCore\aspnetcore-mvc-efcore-bootstrap-angular-web\14\demos\Demos\5.0\after\DutchTreat\client\dist\out-tsc\app\shared\Product.js
C:\Projects\AspnetCore\aspnetcore-mvc-efcore-bootstrap-angular-web\14\demos\Demos\5.0\after\DutchTreat\client\dist\out-tsc\app\shared\Product.js.map
C:\Projects\AspnetCore\aspnetcore-mvc-efcore-bootstrap-angular-web\14\demos\Demos\5.0\after\DutchTreat\client\dist\out-tsc\app\services\store.service.js
C:\Projects\AspnetCore\aspnetcore-mvc-efcore-bootstrap-angular-web\14\demos\Demos\5.0\after\DutchTreat\client\dist\out-tsc\app\services\store.service.js.map
C:\Projects\AspnetCore\aspnetcore-mvc-efcore-bootstrap-angular-web\14\demos\Demos\5.0\after\DutchTreat\client\dist\out-tsc\app\views\productListView.component.js
C:\Projects\AspnetCore\aspnetcore-mvc-efcore-bootstrap-angular-web\14\demos\Demos\5.0\after\DutchTreat\client\dist\out-tsc\app\views\productListView.component.js.map
C:\Projects\AspnetCore\aspnetcore-mvc-efcore-bootstrap-angular-web\14\demos\Demos\5.0\after\DutchTreat\client\dist\out-tsc\app\views\cartView.component.js
C:\Projects\AspnetCore\aspnetcore-mvc-efcore-bootstrap-angular-web\14\demos\Demos\5.0\after\DutchTreat\client\dist\out-tsc\app\views\cartView.component.js.map
C:\Projects\AspnetCore\aspnetcore-mvc-efcore-bootstrap-angular-web\14\demos\Demos\5.0\after\DutchTreat\client\dist\out-tsc\app\pages\checkout.component.js
C:\Projects\AspnetCore\aspnetcore-mvc-efcore-bootstrap-angular-web\14\demos\Demos\5.0\after\DutchTreat\client\dist\out-tsc\app\pages\checkout.component.js.map
C:\Projects\AspnetCore\aspnetcore-mvc-efcore-bootstrap-angular-web\14\demos\Demos\5.0\after\DutchTreat\client\dist\out-tsc\app\pages\loginPage.component.js
C:\Projects\AspnetCore\aspnetcore-mvc-efcore-bootstrap-angular-web\14\demos\Demos\5.0\after\DutchTreat\client\dist\out-tsc\app\pages\loginPage.component.js.map
C:\Projects\AspnetCore\aspnetcore-mvc-efcore-bootstrap-angular-web\14\demos\Demos\5.0\after\DutchTreat\client\dist\out-tsc\app\pages\shopPage.component.js
C:\Projects\AspnetCore\aspnetcore-mvc-efcore-bootstrap-angular-web\14\demos\Demos\5.0\after\DutchTreat\client\dist\out-tsc\app\pages\shopPage.component.js.map
C:\Projects\AspnetCore\aspnetcore-mvc-efcore-bootstrap-angular-web\14\demos\Demos\5.0\after\DutchTreat\client\dist\out-tsc\app\services\authActivator.service.js
C:\Projects\AspnetCore\aspnetcore-mvc-efcore-bootstrap-angular-web\14\demos\Demos\5.0\after\DutchTreat\client\dist\out-tsc\app\services\authActivator.service.js.map
C:\Projects\AspnetCore\aspnetcore-mvc-efcore-bootstrap-angular-web\14\demos\Demos\5.0\after\DutchTreat\client\dist\out-tsc\app\router\index.js
C:\Projects\AspnetCore\aspnetcore-mvc-efcore-bootstrap-angular-web\14\demos\Demos\5.0\after\DutchTreat\client\dist\out-tsc\app\router\index.js.map
C:\Projects\AspnetCore\aspnetcore-mvc-efcore-bootstrap-angular-web\14\demos\Demos\5.0\after\DutchTreat\client\dist\out-tsc\app\app.module.js
C:\Projects\AspnetCore\aspnetcore-mvc-efcore-bootstrap-angular-web\14\demos\Demos\5.0\after\DutchTreat\client\dist\out-tsc\app\app.module.js.map
C:\Projects\AspnetCore\aspnetcore-mvc-efcore-bootstrap-angular-web\14\demos\Demos\5.0\after\DutchTreat\client\dist\out-tsc\environments\environment.js
C:\Projects\AspnetCore\aspnetcore-mvc-efcore-bootstrap-angular-web\14\demos\Demos\5.0\after\DutchTreat\client\dist\out-tsc\environments\environment.js.map
C:\Projects\AspnetCore\aspnetcore-mvc-efcore-bootstrap-angular-web\14\demos\Demos\5.0\after\DutchTreat\client\dist\out-tsc\main.js
C:\Projects\AspnetCore\aspnetcore-mvc-efcore-bootstrap-angular-web\14\demos\Demos\5.0\after\DutchTreat\client\dist\out-tsc\main.js.map
C:\Projects\AspnetCore\aspnetcore-mvc-efcore-bootstrap-angular-web\14\demos\Demos\5.0\after\DutchTreat\client\dist\out-tsc\polyfills.js
C:\Projects\AspnetCore\aspnetcore-mvc-efcore-bootstrap-angular-web\14\demos\Demos\5.0\after\DutchTreat\client\dist\out-tsc\polyfills.js.map
C:\Projects\AspnetCore\aspnetcore-mvc-efcore-bootstrap-angular-web\14\demos\Demos\5.0\after\DutchTreat\client\dist\out-tsc\environments\environment.prod.js
C:\Projects\AspnetCore\aspnetcore-mvc-efcore-bootstrap-angular-web\14\demos\Demos\5.0\after\DutchTreat\client\dist\out-tsc\environments\environment.prod.js.map
